<?xml version="1.0" encoding="UTF-8"?>
<testsuite name="Search Test"
           tests="3"
           failures="2"
           errors="0"
           skipped="1"
           time="0.001">
  <properties />
            <testcase name="testRealReportOne" time="0.001" classname="com.qainfotech.com.Create_Index_html_Using_ITestListener.Report">
                <failure type="java.lang.NullPointerException"
                  message="(null)"
              >
<![CDATA[java.lang.NullPointerException
  com.qainfotech.com.Create_Index_html_Using_ITestListener.Interface1.onTestStart(Interface1.java:17)
  org.testng.internal.TestListenerHelper.runTestListeners(TestListenerHelper.java:73)
  org.testng.internal.Invoker.runTestListeners(Invoker.java:1388)
  org.testng.internal.Invoker.invokeMethod(Invoker.java:556)
  org.testng.internal.Invoker.invokeTestMethod(Invoker.java:716)
  org.testng.internal.Invoker.invokeTestMethods(Invoker.java:988)
  org.testng.internal.TestMethodWorker.invokeTestMethods(TestMethodWorker.java:125)
  org.testng.internal.TestMethodWorker.run(TestMethodWorker.java:109)
  org.testng.TestRunner.privateRun(TestRunner.java:648)
  org.testng.TestRunner.run(TestRunner.java:505)
  org.testng.SuiteRunner.runTest(SuiteRunner.java:455)
  org.testng.SuiteRunner.access$000(SuiteRunner.java:40)
  org.testng.SuiteRunner$SuiteWorker.run(SuiteRunner.java:489)
  org.testng.internal.thread.ThreadUtil$1.call(ThreadUtil.java:52)
  java.util.concurrent.FutureTask.run(FutureTask.java:266)
  java.util.concurrent.ThreadPoolExecutor.runWorker(ThreadPoolExecutor.java:1149)
  java.util.concurrent.ThreadPoolExecutor$Worker.run(ThreadPoolExecutor.java:624)
  java.lang.Thread.run(Thread.java:748)
]]>
      </failure>

          </testcase>
            <testcase name="testRealReportTwo" time="0.000" classname="com.qainfotech.com.Create_Index_html_Using_ITestListener.Report">
                <failure type="java.lang.NullPointerException"
                  message="(null)"
              >
<![CDATA[java.lang.NullPointerException
  com.qainfotech.com.Create_Index_html_Using_ITestListener.Interface1.onTestStart(Interface1.java:17)
  org.testng.internal.TestListenerHelper.runTestListeners(TestListenerHelper.java:73)
  org.testng.internal.Invoker.runTestListeners(Invoker.java:1388)
  org.testng.internal.Invoker.invokeMethod(Invoker.java:556)
  org.testng.internal.Invoker.invokeTestMethod(Invoker.java:716)
  org.testng.internal.Invoker.invokeTestMethods(Invoker.java:988)
  org.testng.internal.TestMethodWorker.invokeTestMethods(TestMethodWorker.java:125)
  org.testng.internal.TestMethodWorker.run(TestMethodWorker.java:109)
  org.testng.TestRunner.privateRun(TestRunner.java:648)
  org.testng.TestRunner.run(TestRunner.java:505)
  org.testng.SuiteRunner.runTest(SuiteRunner.java:455)
  org.testng.SuiteRunner.access$000(SuiteRunner.java:40)
  org.testng.SuiteRunner$SuiteWorker.run(SuiteRunner.java:489)
  org.testng.internal.thread.ThreadUtil$1.call(ThreadUtil.java:52)
  java.util.concurrent.FutureTask.run(FutureTask.java:266)
  java.util.concurrent.ThreadPoolExecutor.runWorker(ThreadPoolExecutor.java:1149)
  java.util.concurrent.ThreadPoolExecutor$Worker.run(ThreadPoolExecutor.java:624)
  java.lang.Thread.run(Thread.java:748)
]]>
      </failure>

          </testcase>
  
            <testcase name="testRealReportThree" time="0.0" classname="com.qainfotech.com.Create_Index_html_Using_ITestListener.Report">
          <skipped />
    </testcase>
  
  
</testsuite>
